
> mi-polsri@1.0.0 build
> cross-env NODE_OPTIONS=--no-deprecation next build --webpack

[baseline-browser-mapping] The data in this module is over two months old.  To ensure accurate Baseline data, please update: `npm i baseline-browser-mapping@latest -D`
   Î“Ă»â–“ Next.js 16.0.11 (webpack)
   - Environments: .env.local, .env
   - Experiments (use with caution):
     â”¬â•– serverActions

   Creating an optimized production build ...
 Î“ÂŁĂ´ Compiled successfully in 15.2s
   Running TypeScript ...
   Collecting page data using 11 workers ...
[baseline-browser-mapping] The data in this module is over two months old.  To ensure accurate Baseline data, please update: `npm i baseline-browser-mapping@latest -D`
[baseline-browser-mapping] The data in this module is over two months old.  To ensure accurate Baseline data, please update: `npm i baseline-browser-mapping@latest -D`
[baseline-browser-mapping] The data in this module is over two months old.  To ensure accurate Baseline data, please update: `npm i baseline-browser-mapping@latest -D`
[baseline-browser-mapping] The data in this module is over two months old.  To ensure accurate Baseline data, please update: `npm i baseline-browser-mapping@latest -D`
[baseline-browser-mapping] The data in this module is over two months old.  To ensure accurate Baseline data, please update: `npm i baseline-browser-mapping@latest -D`
[baseline-browser-mapping] The data in this module is over two months old.  To ensure accurate Baseline data, please update: `npm i baseline-browser-mapping@latest -D`
[baseline-browser-mapping] The data in this module is over two months old.  To ensure accurate Baseline data, please update: `npm i baseline-browser-mapping@latest -D`
[baseline-browser-mapping] The data in this module is over two months old.  To ensure accurate Baseline data, please update: `npm i baseline-browser-mapping@latest -D`
[baseline-browser-mapping] The data in this module is over two months old.  To ensure accurate Baseline data, please update: `npm i baseline-browser-mapping@latest -D`
[baseline-browser-mapping] The data in this module is over two months old.  To ensure accurate Baseline data, please update: `npm i baseline-browser-mapping@latest -D`
[baseline-browser-mapping] The data in this module is over two months old.  To ensure accurate Baseline data, please update: `npm i baseline-browser-mapping@latest -D`
   Generating static pages using 11 workers (0/41) ...
[baseline-browser-mapping] The data in this module is over two months old.  To ensure accurate Baseline data, please update: `npm i baseline-browser-mapping@latest -D`
[baseline-browser-mapping] The data in this module is over two months old.  To ensure accurate Baseline data, please update: `npm i baseline-browser-mapping@latest -D`
(node:1924) Warning: SECURITY WARNING: The SSL modes 'prefer', 'require', and 'verify-ca' are treated as aliases for 'verify-full'.
In the next major version (pg-connection-string v3.0.0 and pg v9.0.0), these modes will adopt standard libpq semantics, which have weaker security guarantees.

To prepare for this change:
- If you want the current behavior, explicitly use 'sslmode=verify-full'
- If you want libpq compatibility now, use 'uselibpqcompat=true&sslmode=require'

See https://www.postgresql.org/docs/current/libpq-ssl.html for libpq SSL mode definitions.
(Use `node --trace-warnings ...` to show where the warning was created)
   Generating static pages using 11 workers (10/41) 
   Generating static pages using 11 workers (20/41) 
   Generating static pages using 11 workers (30/41) 
 Î“ÂŁĂ´ Generating static pages using 11 workers (41/41) in 2.6s
   Finalizing page optimization ...
   Collecting build traces ...

Route (app)
Î“Ă¶Ă® Î“ĂąĂŻ /_not-found
Î“Ă¶ÂŁ â•žĂ† /[locale]
Î“Ă¶ÂŁ â•žĂ† /[locale]/agenda
Î“Ă¶ÂŁ â•žĂ† /[locale]/dokumen
Î“Ă¶ÂŁ â•žĂ† /[locale]/dosen
Î“Ă¶ÂŁ â•žĂ† /[locale]/news
Î“Ă¶ÂŁ â•žĂ† /[locale]/news/[slug]
Î“Ă¶ÂŁ â•žĂ† /[locale]/profile/[slug]
Î“Ă¶ÂŁ â•žĂ† /[locale]/program/[slug]
Î“Ă¶ÂŁ â•žĂ† /api/agenda
Î“Ă¶ÂŁ â•žĂ† /api/agenda/[id]
Î“Ă¶ÂŁ â•žĂ† /api/auth/[...all]
Î“Ă¶ÂŁ â•žĂ† /api/blob-proxy/[...path]
Î“Ă¶ÂŁ â•žĂ† /api/dokumen
Î“Ă¶ÂŁ â•žĂ† /api/dokumen/[id]
Î“Ă¶ÂŁ â•žĂ† /api/fasilitas
Î“Ă¶ÂŁ â•žĂ† /api/fasilitas/[id]
Î“Ă¶ÂŁ â•žĂ† /api/media
Î“Ă¶ÂŁ â•žĂ† /api/media/uploads/[name]
Î“Ă¶ÂŁ â•žĂ† /api/post
Î“Ă¶ÂŁ â•žĂ† /api/post/[id]
Î“Ă¶ÂŁ â•žĂ† /api/post/slug/[slug]
Î“Ă¶ÂŁ â•žĂ† /api/prodi
Î“Ă¶ÂŁ â•žĂ† /api/prodi/[id]
Î“Ă¶ÂŁ â•žĂ† /api/prodi/slug/[slug]
Î“Ă¶ÂŁ â•žĂ† /api/profile
Î“Ă¶ÂŁ â•žĂ† /api/profile/[id]
Î“Ă¶ÂŁ â•žĂ† /api/profile/slug/[slug]
Î“Ă¶ÂŁ â•žĂ† /api/tenaga-ajar
Î“Ă¶ÂŁ â•žĂ† /api/tenaga-ajar/[id]
Î“Ă¶ÂŁ Î“ĂąĂŻ /auth
Î“Ă¶ÂŁ â•žĂ† /dashboard
Î“Ă¶ÂŁ â•žĂ† /dashboard/agenda
Î“Ă¶ÂŁ â•žĂ† /dashboard/agenda/edit/[id]
Î“Ă¶ÂŁ â•žĂ† /dashboard/agenda/new
Î“Ă¶ÂŁ â•žĂ† /dashboard/dokumen
Î“Ă¶ÂŁ â•žĂ† /dashboard/dokumen/edit/[id]
Î“Ă¶ÂŁ â•žĂ† /dashboard/dokumen/new
Î“Ă¶ÂŁ â•žĂ† /dashboard/fasilitas
Î“Ă¶ÂŁ â•žĂ† /dashboard/fasilitas/edit/[id]
Î“Ă¶ÂŁ â•žĂ† /dashboard/fasilitas/new
Î“Ă¶ÂŁ â•žĂ† /dashboard/management
Î“Ă¶ÂŁ â•žĂ† /dashboard/posts
Î“Ă¶ÂŁ â•žĂ† /dashboard/posts/edit/[id]
Î“Ă¶ÂŁ â•žĂ† /dashboard/posts/new
Î“Ă¶ÂŁ â•žĂ† /dashboard/prodi
Î“Ă¶ÂŁ â•žĂ† /dashboard/prodi/edit/[id]
Î“Ă¶ÂŁ â•žĂ† /dashboard/prodi/new
Î“Ă¶ÂŁ â•žĂ† /dashboard/profile
Î“Ă¶ÂŁ â•žĂ† /dashboard/profile/edit/[id]
Î“Ă¶ÂŁ â•žĂ† /dashboard/profile/new
Î“Ă¶ÂŁ â•žĂ† /dashboard/tenaga-ajar
Î“Ă¶ÂŁ â•žĂ† /dashboard/tenaga-ajar/edit/[id]
Î“Ă¶ÂŁ â•žĂ† /dashboard/tenaga-ajar/new
Î“Ă¶ÂŁ â•žĂ† /dashboard/user
Î“Ă¶ÂŁ â•žĂ† /dashboard/user/edit/[id]
Î“Ă¶ÂŁ â•žĂ† /dashboard/user/new
Î“Ă¶ÂŁ â•žĂ† /posts-sitemap.xml
Î“Ă¶Ă¶ Î“ĂąĂŻ /sitemap.xml


â•žĂ† Proxy (Middleware)

Î“ĂąĂŻ  (Static)   prerendered as static content
â•žĂ†  (Dynamic)  server-rendered on demand

